<?xml version="1.0" encoding="UTF-8"?>
<testsuite xmlns:xsi="http://www.w3.org/2001/XMLSchema-instance" xsi:noNamespaceSchemaLocation="https://maven.apache.org/surefire/maven-surefire-plugin/xsd/surefire-test-report.xsd" name="MyTest" time="0.033" tests="15" errors="0" skipped="0" failures="0">
  <properties>
[...]
</properties>
  <testcase name="pickWordTest1" classname="MyTest" time="0.017"/>
  <testcase name="pickWordTest2" classname="MyTest" time="0"/>
  <testcase name="pickWordTest3" classname="MyTest" time="0"/>
  <testcase name="gameWonTest1" classname="MyTest" time="0"/>
  <testcase name="gameWonTest2" classname="MyTest" time="0"/>
  <testcase name="completeWordTest1" classname="MyTest" time="0"/>
  <testcase name="completeWordTest2" classname="MyTest" time="0.001"/>
  <testcase name="gameLostTest1" classname="MyTest" time="0"/>
  <testcase name="gameLostTest2" classname="MyTest" time="0"/>
  <testcase name="isInWordTest1" classname="MyTest" time="0"/>
  <testcase name="isInWordTest2" classname="MyTest" time="0"/>
  <testcase name="noMoreGuessesTest1" classname="MyTest" time="0.006"/>
  <testcase name="noMoreGuessesTest2" classname="MyTest" time="0"/>
  <testcase name="duplicateGuessTest1" classname="MyTest" time="0"/>
  <testcase name="duplicateGuessTest2" classname="MyTest" time="0"/>
</testsuite>